<?xml version="1.0" encoding="UTF-8"?>
<!-- Generated by org.testng.reporters.JUnitReportReporter -->
<testsuite hostname="DESKTOP-UPUHKEP" failures="0" tests="1" name="FinalProject.FinalProject.Tests" time="31.269" errors="0" timestamp="2021-01-17T00:15:51 IST" skipped="0">
  <testcase classname="FinalProject.FinalProject.Tests" name="ClosePop" time="31.269"/>
  <system-out/>
</testsuite> <!-- FinalProject.FinalProject.Tests -->
