<?xml version="1.0" encoding="UTF-8"?>
<!-- Generated by org.testng.reporters.JUnitReportReporter -->
<testsuite hostname="DESKTOP-UPUHKEP" failures="0" tests="1" name="FinalProject.FinalProject.Tests" time="50.423" errors="0" timestamp="2021-01-27T00:54:02 IST" skipped="0">
  <testcase classname="FinalProject.FinalProject.Tests" name="ContactUs" time="50.423"/>
  <system-out/>
</testsuite> <!-- FinalProject.FinalProject.Tests -->
