<?xml version="1.0" encoding="UTF-8"?>
<!-- Generated by org.testng.reporters.JUnitReportReporter -->
<testsuite hostname="DESKTOP-UPUHKEP" failures="0" tests="1" name="FinalProject.FinalProject.Tests" time="58.337" errors="0" timestamp="2021-01-27T15:14:07 IST" skipped="0">
  <testcase classname="FinalProject.FinalProject.Tests" name="BAOrPracticalExperienceArticle" time="58.337"/>
  <system-out/>
</testsuite> <!-- FinalProject.FinalProject.Tests -->
